<?xml version="1.0" encoding="UTF-8"?>
<!-- Generated by org.testng.reporters.JUnitReportReporter -->
<testsuite hostname="DESKTOP-H3SNJHA" failures="0" tests="1" name="SymbionProductOrderingPageTest" time="66.450" errors="0" timestamp="2021-04-19T15:40:03 IST" skipped="0">
  <testcase classname="SymbionProductOrderingPageTest" name="OrderingSelection" time="66.450"/>
  <system-out/>
</testsuite> <!-- SymbionProductOrderingPageTest -->
